Using pre-set license
Built from '2020.3/staging' branch; Version is '2020.3.20f1 (41c4e627c95f) revision 4310246'; Using compiler version '192528614'; Build Type 'Release'
OS: 'Windows 10 Home Single Language; OS build 22000.795; Version 2009; 64bit' Language: 'en' Physical Memory: 16228 MB
BatchMode: 1, IsHumanControllingUs: 0, StartBugReporterOnCrash: 0, Is64bit: 1, IsPro: 0

COMMAND LINE ARGUMENTS:
C:\Program Files\Unity 2020.3.20f1\Editor\Unity.exe
-adb2
-batchMode
-noUpm
-name
AssetImportWorker0
-projectPath
D:/Unity/Mobile/Dino
-logFile
Logs/AssetImportWorker0.log
-srvPort
14336
Successfully changed project path to: D:/Unity/Mobile/Dino
D:/Unity/Mobile/Dino
Using Asset Import Pipeline V2.
Refreshing native plugins compatible for Editor in 70.22 ms, found 6 plugins.
Preloading 0 native plugins for Editor in 0.00 ms.
Initialize engine version: 2020.3.20f1 (41c4e627c95f)
[Subsystems] Discovering subsystems at path C:/Program Files/Unity 2020.3.20f1/Editor/Data/Resources/UnitySubsystems
[Subsystems] Discovering subsystems at path D:/Unity/Mobile/Dino/Assets
GfxDevice: creating device client; threaded=0
Direct3D:
    Version:  Direct3D 11.0 [level 11.1]
    Renderer: NVIDIA GeForce RTX 2070 (ID=0x1f10)
    Vendor:   
    VRAM:     8031 MB
    Driver:   31.0.15.1659
Initialize mono
Mono path[0] = 'C:/Program Files/Unity 2020.3.20f1/Editor/Data/Managed'
Mono path[1] = 'C:/Program Files/Unity 2020.3.20f1/Editor/Data/MonoBleedingEdge/lib/mono/unityjit'
Mono config path = 'C:/Program Files/Unity 2020.3.20f1/Editor/Data/MonoBleedingEdge/etc'
Using monoOptions --debugger-agent=transport=dt_socket,embedding=1,server=y,suspend=n,address=127.0.0.1:56152
Begin MonoManager ReloadAssembly
Registering precompiled unity dll's ...
Register platform support module: C:/Program Files/Unity 2020.3.20f1/Editor/Data/PlaybackEngines/WindowsStandaloneSupport/UnityEditor.WindowsStandalone.Extensions.dll
Registered in 0.001543 seconds.
Native extension for WindowsStandalone target not found
Refreshing native plugins compatible for Editor in 91.99 ms, found 6 plugins.
Preloading 0 native plugins for Editor in 0.00 ms.
Mono: successfully reloaded assembly
- Completed reload, in  1.378 seconds
Domain Reload Profiling:
	ReloadAssembly (1379ms)
		BeginReloadAssembly (61ms)
			ExecutionOrderSort (0ms)
			DisableScriptedObjects (0ms)
			BackupInstance (0ms)
			ReleaseScriptingObjects (0ms)
			CreateAndSetChildDomain (1ms)
		EndReloadAssembly (643ms)
			LoadAssemblies (59ms)
			RebuildTransferFunctionScriptingTraits (0ms)
			SetupTypeCache (230ms)
			ReleaseScriptCaches (0ms)
			RebuildScriptCaches (38ms)
			SetupLoadedEditorAssemblies (277ms)
				LogAssemblyErrors (0ms)
				InitializePlatformSupportModulesInManaged (4ms)
				SetLoadedEditorAssemblies (0ms)
				RefreshPlugins (92ms)
				BeforeProcessingInitializeOnLoad (23ms)
				ProcessInitializeOnLoadAttributes (113ms)
				ProcessInitializeOnLoadMethodAttributes (44ms)
				AfterProcessingInitializeOnLoad (0ms)
				EditorAssembliesLoaded (0ms)
			ExecutionOrderSort2 (0ms)
			AwakeInstancesAfterBackupRestoration (0ms)
Platform modules already initialized, skipping
Registering precompiled user dll's ...
Registered in 0.004210 seconds.
Begin MonoManager ReloadAssembly
Native extension for WindowsStandalone target not found
Refreshing native plugins compatible for Editor in 89.21 ms, found 6 plugins.
Preloading 0 native plugins for Editor in 0.00 ms.
Mono: successfully reloaded assembly
- Completed reload, in  1.498 seconds
Domain Reload Profiling:
	ReloadAssembly (1499ms)
		BeginReloadAssembly (180ms)
			ExecutionOrderSort (0ms)
			DisableScriptedObjects (5ms)
			BackupInstance (0ms)
			ReleaseScriptingObjects (0ms)
			CreateAndSetChildDomain (22ms)
		EndReloadAssembly (1243ms)
			LoadAssemblies (124ms)
			RebuildTransferFunctionScriptingTraits (0ms)
			SetupTypeCache (440ms)
			ReleaseScriptCaches (0ms)
			RebuildScriptCaches (63ms)
			SetupLoadedEditorAssemblies (457ms)
				LogAssemblyErrors (0ms)
				InitializePlatformSupportModulesInManaged (4ms)
				SetLoadedEditorAssemblies (0ms)
				RefreshPlugins (89ms)
				BeforeProcessingInitializeOnLoad (100ms)
				ProcessInitializeOnLoadAttributes (240ms)
				ProcessInitializeOnLoadMethodAttributes (17ms)
				AfterProcessingInitializeOnLoad (5ms)
				EditorAssembliesLoaded (0ms)
			ExecutionOrderSort2 (0ms)
			AwakeInstancesAfterBackupRestoration (8ms)
Platform modules already initialized, skipping
========================================================================
Worker process is ready to serve import requests
Launched and connected shader compiler UnityShaderCompiler.exe after 0.05 seconds
Refreshing native plugins compatible for Editor in 1.06 ms, found 6 plugins.
Preloading 0 native plugins for Editor in 0.00 ms.
Unloading 2297 Unused Serialized files (Serialized files now loaded: 0)
System memory in use before: 101.1 MB.
System memory in use after: 101.3 MB.

Unloading 33 unused Assets to reduce memory usage. Loaded Objects now: 2729.
Total: 5.992200 ms (FindLiveObjects: 0.336100 ms CreateObjectMapping: 0.218900 ms MarkObjects: 5.309400 ms  DeleteObjects: 0.125300 ms)

AssetImportParameters requested are different than current active one (requested -> active):
  custom:framework-win-MediaFoundation: 216162199b28c13a410421893ffa2e32 -> 
  custom:video-decoder-ogg-theora: a1e56fd34408186e4bbccfd4996cb3dc -> 
  custom:container-muxer-webm: aa71ff27fc2769a1b78a27578f13a17b -> 
  custom:container-demuxer-webm: 4f35f7cbe854078d1ac9338744f61a02 -> 
  custom:container-demuxer-ogg: 62fdf1f143b41e24485cea50d1cbac27 -> 
  custom:video-encoder-webm-vp8: eb34c28f22e8b96e1ab97ce403110664 -> 
  custom:video-decoder-webm-vp8: 9c59270c3fd7afecdb556c50c9e8de78 -> 
  custom:audio-decoder-ogg-vorbis: bf7c407c2cedff20999df2af8eb42d56 -> 
  custom:audio-encoder-webm-vorbis: bf7c407c2cedff20999df2af8eb42d56 -> 
========================================================================
Received Import Request.
  path: Assets/Scenes/MainMenu.unity
  artifactKey: Guid(6cebf092f13917241beb898dc66133f9) Importer(815301076,1909f56bfc062723c751e8b465ee728b)
Start importing Assets/Scenes/MainMenu.unity using Guid(6cebf092f13917241beb898dc66133f9) Importer(815301076,1909f56bfc062723c751e8b465ee728b)  -> (artifact id: 'b7fbf344fd9cbc69bd5316ccd0930d9f') in 0.019044 seconds 
  Import took 0.024785 seconds .

========================================================================
Received Import Request.
  Time since last request: 0.934092 seconds.
  path: Assets/2D Platformer Assets/Starter_Scene.unity
  artifactKey: Guid(12eaea94eaebc5e459e49753ddfd1f78) Importer(815301076,1909f56bfc062723c751e8b465ee728b)
Start importing Assets/2D Platformer Assets/Starter_Scene.unity using Guid(12eaea94eaebc5e459e49753ddfd1f78) Importer(815301076,1909f56bfc062723c751e8b465ee728b)  -> (artifact id: '2cd47e71fede5532c49fe1f347e7e705') in 0.002206 seconds 
  Import took 0.007089 seconds .

========================================================================
Received Prepare
Registering precompiled user dll's ...
Registered in 0.005137 seconds.
Begin MonoManager ReloadAssembly
Native extension for WindowsStandalone target not found
Refreshing native plugins compatible for Editor in 0.68 ms, found 6 plugins.
Preloading 0 native plugins for Editor in 0.00 ms.
Mono: successfully reloaded assembly
- Completed reload, in  1.366 seconds
Domain Reload Profiling:
	ReloadAssembly (1366ms)
		BeginReloadAssembly (135ms)
			ExecutionOrderSort (0ms)
			DisableScriptedObjects (7ms)
			BackupInstance (0ms)
			ReleaseScriptingObjects (0ms)
			CreateAndSetChildDomain (47ms)
		EndReloadAssembly (1163ms)
			LoadAssemblies (116ms)
			RebuildTransferFunctionScriptingTraits (0ms)
			SetupTypeCache (396ms)
			ReleaseScriptCaches (1ms)
			RebuildScriptCaches (60ms)
			SetupLoadedEditorAssemblies (439ms)
				LogAssemblyErrors (0ms)
				InitializePlatformSupportModulesInManaged (5ms)
				SetLoadedEditorAssemblies (1ms)
				RefreshPlugins (1ms)
				BeforeProcessingInitializeOnLoad (114ms)
				ProcessInitializeOnLoadAttributes (305ms)
				ProcessInitializeOnLoadMethodAttributes (8ms)
				AfterProcessingInitializeOnLoad (5ms)
				EditorAssembliesLoaded (0ms)
			ExecutionOrderSort2 (0ms)
			AwakeInstancesAfterBackupRestoration (12ms)
Platform modules already initialized, skipping
Switching build target platform(19) subTarget(0) extendedPlatform(0) -> platform(13) subTarget(537395200) extendedPlatform(0)
Refreshing native plugins compatible for Editor in 1.13 ms, found 6 plugins.
Preloading 0 native plugins for Editor in 0.00 ms.
Unloading 2271 Unused Serialized files (Serialized files now loaded: 0)
System memory in use before: 98.6 MB.
System memory in use after: 98.9 MB.

Unloading 21 unused Assets to reduce memory usage. Loaded Objects now: 2732.
Total: 4.862100 ms (FindLiveObjects: 0.271800 ms CreateObjectMapping: 0.130200 ms MarkObjects: 4.431100 ms  DeleteObjects: 0.027500 ms)

AssetImportParameters requested are different than current active one (requested -> active):
  custom:framework-win-MediaFoundation: 216162199b28c13a410421893ffa2e32 -> 
  custom:video-decoder-ogg-theora: a1e56fd34408186e4bbccfd4996cb3dc -> 
  custom:container-muxer-webm: aa71ff27fc2769a1b78a27578f13a17b -> 
  custom:container-demuxer-webm: 4f35f7cbe854078d1ac9338744f61a02 -> 
  custom:container-demuxer-ogg: 62fdf1f143b41e24485cea50d1cbac27 -> 
  custom:video-encoder-webm-vp8: eb34c28f22e8b96e1ab97ce403110664 -> 
  custom:video-decoder-webm-vp8: 9c59270c3fd7afecdb556c50c9e8de78 -> 
  custom:graphics/normal-map-encoding: 01000000000000000000000000000000 -> 02000000000000000000000000000000
  custom:audio-decoder-ogg-vorbis: bf7c407c2cedff20999df2af8eb42d56 -> 
  custom:audio-encoder-webm-vorbis: bf7c407c2cedff20999df2af8eb42d56 -> 
========================================================================
Received Import Request.
  Time since last request: 114.756660 seconds.
  path: Assets/Scripts/PickupSystem.cs
  artifactKey: Guid(fc659f2e71008d1449ca0b8cea6320a8) Importer(815301076,1909f56bfc062723c751e8b465ee728b)
Start importing Assets/Scripts/PickupSystem.cs using Guid(fc659f2e71008d1449ca0b8cea6320a8) Importer(815301076,1909f56bfc062723c751e8b465ee728b)  -> (artifact id: '893e807eed50fdc85710e12f6d49dcba') in 0.037366 seconds 
  Import took 0.041440 seconds .

========================================================================
Received Import Request.
  Time since last request: 31.373092 seconds.
  path: Assets/Scripts/PlayerController.cs
  artifactKey: Guid(4c61aa88c551b9f4d8d48bd5f81e3409) Importer(815301076,1909f56bfc062723c751e8b465ee728b)
Start importing Assets/Scripts/PlayerController.cs using Guid(4c61aa88c551b9f4d8d48bd5f81e3409) Importer(815301076,1909f56bfc062723c751e8b465ee728b)  -> (artifact id: '857fe1d5812864d932fceef9bdd9e8c7') in 0.001847 seconds 
  Import took 0.006187 seconds .

========================================================================
Received Import Request.
  Time since last request: 21.914194 seconds.
  path: Assets/Scripts/LevelManager.cs
  artifactKey: Guid(818574afc2e14ed4b838b79cd88f2374) Importer(815301076,1909f56bfc062723c751e8b465ee728b)
Start importing Assets/Scripts/LevelManager.cs using Guid(818574afc2e14ed4b838b79cd88f2374) Importer(815301076,1909f56bfc062723c751e8b465ee728b)  -> (artifact id: '9c12e790100bad8d6e276775231ddf04') in 0.002675 seconds 
  Import took 0.007845 seconds .

========================================================================
Received Import Request.
  Time since last request: 8.379392 seconds.
  path: Assets/Scripts/PlayerHealthController.cs
  artifactKey: Guid(74c3202e4f8cee2438076095d39838de) Importer(815301076,1909f56bfc062723c751e8b465ee728b)
Start importing Assets/Scripts/PlayerHealthController.cs using Guid(74c3202e4f8cee2438076095d39838de) Importer(815301076,1909f56bfc062723c751e8b465ee728b)  -> (artifact id: '65a749581711558893f897e7bdbe6eca') in 0.002789 seconds 
  Import took 0.182204 seconds .

========================================================================
Received Import Request.
  Time since last request: 2.042185 seconds.
  path: Assets/Scripts/UIController.cs
  artifactKey: Guid(1d13b53a206683245a447fc125747e65) Importer(815301076,1909f56bfc062723c751e8b465ee728b)
Start importing Assets/Scripts/UIController.cs using Guid(1d13b53a206683245a447fc125747e65) Importer(815301076,1909f56bfc062723c751e8b465ee728b)  -> (artifact id: '254b9b2fb05bfa92674c4c48368020fe') in 0.003404 seconds 
  Import took 0.007694 seconds .

========================================================================
Received Import Request.
  Time since last request: 4.154859 seconds.
  path: Assets/Scripts/AudioManager.cs
  artifactKey: Guid(83423bf7efde1b7469f9df572da84f1b) Importer(815301076,1909f56bfc062723c751e8b465ee728b)
Start importing Assets/Scripts/AudioManager.cs using Guid(83423bf7efde1b7469f9df572da84f1b) Importer(815301076,1909f56bfc062723c751e8b465ee728b)  -> (artifact id: 'af69d3ae37460a8b6188b500bda10a06') in 0.002226 seconds 
  Import took 0.063351 seconds .

========================================================================
Received Import Request.
  Time since last request: 3.456622 seconds.
  path: Assets/Scripts/CheckpointController.cs
  artifactKey: Guid(ca6a05183bdceb44fb063efb476d9d8b) Importer(815301076,1909f56bfc062723c751e8b465ee728b)
Start importing Assets/Scripts/CheckpointController.cs using Guid(ca6a05183bdceb44fb063efb476d9d8b) Importer(815301076,1909f56bfc062723c751e8b465ee728b)  -> (artifact id: 'f270cd605606812e34671ffb3cb47043') in 0.247892 seconds 
  Import took 0.266011 seconds .

========================================================================
Received Import Request.
  Time since last request: 1.422358 seconds.
  path: Assets/Scripts/CheckpointSystem.cs
  artifactKey: Guid(b595e168a024612409693579179594fc) Importer(815301076,1909f56bfc062723c751e8b465ee728b)
Start importing Assets/Scripts/CheckpointSystem.cs using Guid(b595e168a024612409693579179594fc) Importer(815301076,1909f56bfc062723c751e8b465ee728b)  -> (artifact id: 'cc8fc2e7882c0ba22f9f57e8b0c9e682') in 0.002302 seconds 
  Import took 0.031531 seconds .

AssetImportWorkerClient::OnTransportError - code=2 error=End of file
